This is pdfTeXk, Version 3.141592-1.40.3 (Web2C 7.5.6) (format=pdflatex 2010.6.20)  9 OCT 2010 10:44
entering extended mode
 %&-line parsing enabled.
**cours_complexite.tex
(./cours_complexite.tex
LaTeX2e <2005/12/01>
Babel <v3.8h> and hyphenation patterns for english, usenglishmax, dumylang, noh
yphenation, basque, french, loaded.
(/usr/share/texmf-texlive/tex/latex/base/report.cls
Document Class: report 2005/09/16 v1.4f Standard LaTeX document class
(/usr/share/texmf-texlive/tex/latex/base/size12.clo
File: size12.clo 2005/09/16 v1.4f Standard LaTeX file (size option)
)
\c@part=\count79
\c@chapter=\count80
\c@section=\count81
\c@subsection=\count82
\c@subsubsection=\count83
\c@paragraph=\count84
\c@subparagraph=\count85
\c@figure=\count86
\c@table=\count87
\abovecaptionskip=\skip41
\belowcaptionskip=\skip42
\bibindent=\dimen102
)
(/usr/share/texmf-texlive/tex/generic/babel/babel.sty
Package: babel 2005/11/23 v3.8h The Babel package

(/usr/share/texmf-texlive/tex/generic/babel/frenchb.ldf
Language: french 2005/02/06 v1.6g French support from the babel system

(/usr/share/texmf-texlive/tex/generic/babel/babel.def
File: babel.def 2005/11/23 v3.8h Babel common definitions
\babel@savecnt=\count88
\U@D=\dimen103
)
Package babel Info: Making : an active character on input line 219.
Package babel Info: Making ; an active character on input line 220.
Package babel Info: Making ! an active character on input line 221.
Package babel Info: Making ? an active character on input line 222.
LaTeX Font Info:    Redeclaring font encoding T1 on input line 299.
\parindentFFN=\dimen104
\std@mcc=\count89
\dec@mcc=\count90

*************************************
* Local config file frenchb.cfg used
*
(/usr/share/texmf-texlive/tex/generic/babel/frenchb.cfg)))
(/usr/share/texmf-texlive/tex/latex/graphics/graphicx.sty
Package: graphicx 1999/02/16 v1.0f Enhanced LaTeX Graphics (DPC,SPQR)

(/usr/share/texmf-texlive/tex/latex/graphics/keyval.sty
Package: keyval 1999/03/16 v1.13 key=value parser (DPC)
\KV@toks@=\toks14
)
(/usr/share/texmf-texlive/tex/latex/graphics/graphics.sty
Package: graphics 2006/02/20 v1.0o Standard LaTeX Graphics (DPC,SPQR)

(/usr/share/texmf-texlive/tex/latex/graphics/trig.sty
Package: trig 1999/03/16 v1.09 sin cos tan (DPC)
)
(/etc/texmf/tex/latex/config/graphics.cfg
File: graphics.cfg 2007/01/18 v1.5 graphics configuration of teTeX/TeXLive
)
Package graphics Info: Driver file: pdftex.def on input line 90.

(/usr/share/texmf-texlive/tex/latex/pdftex-def/pdftex.def
File: pdftex.def 2007/01/08 v0.04d Graphics/color for pdfTeX
\Gread@gobject=\count91
))
\Gin@req@height=\dimen105
\Gin@req@width=\dimen106
)
(/usr/share/texmf-texlive/tex/latex/base/inputenc.sty
Package: inputenc 2006/05/05 v1.1b Input encoding file
\inpenc@prehook=\toks15
\inpenc@posthook=\toks16

(/usr/share/texmf-texlive/tex/latex/ucs/utf8x.def
File: utf8x.def 2004/10/17 UCS: Input encoding UTF-8
))
(/usr/share/texmf-texlive/tex/latex/ucs/ucs.sty
Package: ucs 2004/10/17 UCS: Unicode input support

(/usr/share/texmf-texlive/tex/latex/ucs/data/uni-global.def
File: uni-global.def 2004/10/17 UCS: Unicode global data
)
\uc@secondtry=\count92
\uc@combtoks=\toks17
\uc@combtoksb=\toks18
\uc@temptokena=\toks19
)
(/usr/share/texmf-texlive/tex/latex/amsmath/amsmath.sty
Package: amsmath 2000/07/18 v2.13 AMS math features
\@mathmargin=\skip43

For additional information on amsmath, use the `?' option.
(/usr/share/texmf-texlive/tex/latex/amsmath/amstext.sty
Package: amstext 2000/06/29 v2.01

(/usr/share/texmf-texlive/tex/latex/amsmath/amsgen.sty
File: amsgen.sty 1999/11/30 v2.0
\@emptytoks=\toks20
\ex@=\dimen107
))
(/usr/share/texmf-texlive/tex/latex/amsmath/amsbsy.sty
Package: amsbsy 1999/11/29 v1.2d
\pmbraise@=\dimen108
)
(/usr/share/texmf-texlive/tex/latex/amsmath/amsopn.sty
Package: amsopn 1999/12/14 v2.01 operator names
)
\inf@bad=\count93
LaTeX Info: Redefining \frac on input line 211.
\uproot@=\count94
\leftroot@=\count95
LaTeX Info: Redefining \overline on input line 307.
\classnum@=\count96
\DOTSCASE@=\count97
LaTeX Info: Redefining \ldots on input line 379.
LaTeX Info: Redefining \dots on input line 382.
LaTeX Info: Redefining \cdots on input line 467.
\Mathstrutbox@=\box26
\strutbox@=\box27
\big@size=\dimen109
LaTeX Font Info:    Redeclaring font encoding OML on input line 567.
LaTeX Font Info:    Redeclaring font encoding OMS on input line 568.
\macc@depth=\count98
\c@MaxMatrixCols=\count99
\dotsspace@=\muskip10
\c@parentequation=\count100
\dspbrk@lvl=\count101
\tag@help=\toks21
\row@=\count102
\column@=\count103
\maxfields@=\count104
\andhelp@=\toks22
\eqnshift@=\dimen110
\alignsep@=\dimen111
\tagshift@=\dimen112
\tagwidth@=\dimen113
\totwidth@=\dimen114
\lineht@=\dimen115
\@envbody=\toks23
\multlinegap=\skip44
\multlinetaggap=\skip45
\mathdisplay@stack=\toks24
LaTeX Info: Redefining \[ on input line 2666.
LaTeX Info: Redefining \] on input line 2667.
)
(/usr/share/texmf-texlive/tex/latex/amsfonts/amsfonts.sty
Package: amsfonts 2001/10/25 v2.2f
\symAMSa=\mathgroup4
\symAMSb=\mathgroup5
LaTeX Font Info:    Overwriting math alphabet `\mathfrak' in version `bold'
(Font)                  U/euf/m/n --> U/euf/b/n on input line 132.
)
(/usr/share/texmf-texlive/tex/latex/amsfonts/amssymb.sty
Package: amssymb 2002/01/22 v2.2d
)
(/usr/share/texmf-texlive/tex/latex/algorithm.sty
Package: algorithm 2009/08/24 v0.1 Document Style `algorithm' - floating enviro
nment

(/usr/share/texmf-texlive/tex/latex/float/float.sty
Package: float 2001/11/08 v1.3d Float enhancements (AL)
\c@float@type=\count105
\float@exts=\toks25
\float@box=\box28
\@float@everytoks=\toks26
\@floatcapt=\box29
)
(/usr/share/texmf-texlive/tex/latex/base/ifthen.sty
Package: ifthen 2001/05/26 v1.1c Standard LaTeX ifthen package (DPC)
)
\@float@every@algorithm=\toks27
\c@algorithm=\count106
)
(/usr/share/texmf-texlive/tex/latex/algorithmic.sty
Package: algorithmic 2009/08/24 v0.1 Document Style `algorithmic'
\c@ALC@unique=\count107
\c@ALC@line=\count108
\c@ALC@rem=\count109
\c@ALC@depth=\count110
\ALC@tlm=\skip46
\algorithmicindent=\skip47
)
(/usr/share/texmf-texlive/tex/latex/subfigure/subfigure.sty
Package: subfigure 2002/03/15 v2.1.5 subfigure package
\subfigtopskip=\skip48
\subfigcapskip=\skip49
\subfigcaptopadj=\dimen116
\subfigbottomskip=\skip50
\subfigcapmargin=\dimen117
\subfiglabelskip=\skip51
\c@subfigure=\count111
\c@lofdepth=\count112
\c@subtable=\count113
\c@lotdepth=\count114

****************************************
* Local config file subfigure.cfg used *
****************************************
(/usr/share/texmf-texlive/tex/latex/subfigure/subfigure.cfg)
\subfig@top=\skip52
\subfig@bottom=\skip53
)
(./cours_complexite.aux)
\openout1 = `cours_complexite.aux'.

LaTeX Font Info:    Checking defaults for OML/cmm/m/it on input line 24.
LaTeX Font Info:    ... okay on input line 24.
LaTeX Font Info:    Checking defaults for T1/lmr/m/n on input line 24.
LaTeX Font Info:    Try loading font information for T1+lmr on input line 24.
 (/usr/share/texmf/tex/latex/lm/t1lmr.fd
File: t1lmr.fd 2007/01/14 v1.3 Font defs for Latin Modern
)
LaTeX Font Info:    ... okay on input line 24.
LaTeX Font Info:    Checking defaults for OT1/cmr/m/n on input line 24.
LaTeX Font Info:    ... okay on input line 24.
LaTeX Font Info:    Checking defaults for OMS/cmsy/m/n on input line 24.
LaTeX Font Info:    ... okay on input line 24.
LaTeX Font Info:    Checking defaults for OMX/cmex/m/n on input line 24.
LaTeX Font Info:    ... okay on input line 24.
LaTeX Font Info:    Checking defaults for U/cmr/m/n on input line 24.
LaTeX Font Info:    ... okay on input line 24.
LaTeX Info: Redefining \dots on input line 24.

(/usr/share/texmf-texlive/tex/context/base/supp-pdf.tex
[Loading MPS to PDF converter (version 2006.09.02).]
\scratchcounter=\count115
\scratchdimen=\dimen118
\scratchbox=\box30
\nofMPsegments=\count116
\nofMParguments=\count117
\everyMPshowfont=\toks28
\MPscratchCnt=\count118
\MPscratchDim=\dimen119
\MPnumerator=\count119
\everyMPtoPDFconversion=\toks29
) (/usr/share/texmf-texlive/tex/latex/ucs/ucsencs.def
File: ucsencs.def 2003/11/29 Fixes to fontencodings LGR, T3
)
(/usr/share/texmf-texlive/tex/latex/ucs/data/uni-0.def
File: uni-0.def 2004/10/17 UCS: Unicode data U+0000..U+00FF
)
LaTeX Font Info:    Try loading font information for U+msa on input line 26.

(/usr/share/texmf-texlive/tex/latex/amsfonts/umsa.fd
File: umsa.fd 2002/01/19 v2.2g AMS font definitions
)
LaTeX Font Info:    Try loading font information for U+msb on input line 26.

(/usr/share/texmf-texlive/tex/latex/amsfonts/umsb.fd
File: umsb.fd 2002/01/19 v2.2g AMS font definitions
)

LaTeX Warning: No \author given.

[1

{/var/lib/texmf/fonts/map/pdftex/updmap/pdftex.map}] (./cours_complexite.toc)
\tf@toc=\write3
\openout3 = `cours_complexite.toc'.

[1

]
Chapitre 1.
(./graphe1.pdf_t <graphe1.pdf, id=11, 249.93375pt x 117.43875pt>
File: graphe1.pdf Graphic file (type pdf)

<use graphe1.pdf>)
Underfull \hbox (badness 10000) in paragraph at lines 44--46

 []


Underfull \hbox (badness 10000) in paragraph at lines 56--57

 []

[2

 <./graphe1.pdf>]
Underfull \hbox (badness 10000) in paragraph at lines 65--67

 []


Underfull \hbox (badness 10000) in paragraph at lines 69--72

 []

(./facto.pdf_t <facto.pdf, id=24, 238.8925pt x 168.63pt>
File: facto.pdf Graphic file (type pdf)
 <use facto.pdf>)
(./automate.pdf_t <automate.pdf, id=25, 407.5225pt x 151.56625pt>
File: automate.pdf Graphic file (type pdf)

<use automate.pdf>)
Overfull \hbox (4.13896pt too wide) in paragraph at lines 85--92
\OT1/cmr/m/n/12 Un lan-gage re-con-nais-sable par un au-to-mate est un lan-gage
 ra-tion-nel (r^^Segulier). 
 []


Underfull \hbox (badness 10000) in paragraph at lines 85--92

 []

[3 <./facto.pdf>]
Underfull \hbox (badness 10000) in paragraph at lines 93--94

 []


Underfull \hbox (badness 10000) in paragraph at lines 95--99

 []


Underfull \hbox (badness 10000) in paragraph at lines 100--101

 []


Underfull \hbox (badness 10000) in paragraph at lines 109--114

 []

[4 <./automate.pdf>] [5]
Chapitre 2.
[6

] [7] (./clique4.pdf_t <clique4.pdf, id=57, 229.85875pt x 264.99pt>
File: clique4.pdf Graphic file (type pdf)

<use clique4.pdf>) [8 <./clique4.pdf>] (./schema_sat_clique.pdf_t
<schema_sat_clique.pdf, id=67, 266.9975pt x 154.5775pt>
File: schema_sat_clique.pdf Graphic file (type pdf)

<use schema_sat_clique.pdf>)
Underfull \hbox (badness 10000) in paragraph at lines 242--243

 []

(./exemple_clique.pdf_t <exemple_clique.pdf, id=68, 366.36874pt x 195.73125pt>
File: exemple_clique.pdf Graphic file (type pdf)

<use exemple_clique.pdf>) [9 <./schema_sat_clique.pdf> <./exemple_clique.pdf>]
Underfull \hbox (badness 10000) in paragraph at lines 270--271

 []

[10] (./schema_SATC.pdf_t <schema_SATC.pdf, id=88, 295.1025pt x 333.245pt>
File: schema_SATC.pdf Graphic file (type pdf)

<use schema_SATC.pdf>) (./schema_circuit.pdf_t
<schema_circuit.pdf, id=89, 251.94125pt x 359.3425pt>
File: schema_circuit.pdf Graphic file (type pdf)
 <use schema_circuit.pdf>) [11 <./schema_SATC.pdf> <./schema_circuit.pdf>] (./n
egation.pdf_t
<negation.pdf, id=105, 27.10126pt x 120.45pt>
File: negation.pdf Graphic file (type pdf)
 <use negation.pdf>) (./et.pdf_t
<et.pdf, id=106, 108.405pt x 138.5175pt>
File: et.pdf Graphic file (type pdf)
 <use et.pdf>) (./ou.pdf_t
<ou.pdf, id=107, 91.34125pt x 169.63374pt>
File: ou.pdf Graphic file (type pdf)
 <use ou.pdf>) [12 <./negation.pdf> <./et.pdf> <./ou.pdf>] (./tableau.pdf_t
<tableau.pdf, id=130, 602.25pt x 468.75125pt>
File: tableau.pdf Graphic file (type pdf)
 <use tableau.pdf>) (./Tij.pdf_t
<Tij.pdf, id=131, 259.97125pt x 136.51pt>
File: Tij.pdf Graphic file (type pdf)
 <use Tij.pdf>)

LaTeX Warning: `!h' float specifier changed to `!ht'.

[13 <./tableau.pdf>] [14 <./Tij.pdf>] [15] [16] (./cours_complexite.aux) ) 
Here is how much of TeX's memory you used:
 3629 strings out of 95063
 45302 string characters out of 1182610
 103907 words of memory out of 1500000
 6724 multiletter control sequences out of 10000+50000
 13018 words of font info for 50 fonts, out of 1200000 for 2000
 28 hyphenation exceptions out of 8191
 27i,9n,24p,360b,587s stack positions out of 5000i,500n,6000p,200000b,5000s
</usr
/share/texmf-texlive/fonts/type1/bluesky/cm/cmbx12.pfb></usr/share/texmf-texliv
e/fonts/type1/bluesky/cm/cmex10.pfb></usr/share/texmf-texlive/fonts/type1/blues
ky/cm/cmmi12.pfb></usr/share/texmf-texlive/fonts/type1/bluesky/cm/cmmi6.pfb></u
sr/share/texmf-texlive/fonts/type1/bluesky/cm/cmmi8.pfb></usr/share/texmf-texli
ve/fonts/type1/bluesky/cm/cmr12.pfb></usr/share/texmf-texlive/fonts/type1/blues
ky/cm/cmr17.pfb></usr/share/texmf-texlive/fonts/type1/bluesky/cm/cmr6.pfb></usr
/share/texmf-texlive/fonts/type1/bluesky/cm/cmr8.pfb></usr/share/texmf-texlive/
fonts/type1/bluesky/cm/cmsy10.pfb></usr/share/texmf-texlive/fonts/type1/bluesky
/cm/cmsy6.pfb></usr/share/texmf-texlive/fonts/type1/bluesky/cm/cmsy8.pfb></usr/
share/texmf-texlive/fonts/type1/bluesky/ams/msam10.pfb></usr/share/texmf-texliv
e/fonts/type1/bluesky/ams/msbm10.pfb>
Output written on cours_complexite.pdf (17 pages, 150711 bytes).
PDF statistics:
 202 PDF objects out of 1000 (max. 8388607)
 0 named destinations out of 1000 (max. 131072)
 66 words of extra memory for PDF output out of 10000 (max. 10000000)

