This is pdfTeXk, Version 3.141592-1.40.3 (Web2C 7.5.6) (format=pdflatex 2010.6.20)  11 DEC 2010 10:57
entering extended mode
 %&-line parsing enabled.
**cours_cryptanalyse.tex
(./cours_cryptanalyse.tex
LaTeX2e <2005/12/01>
Babel <v3.8h> and hyphenation patterns for english, usenglishmax, dumylang, noh
yphenation, basque, french, loaded.
(/usr/share/texmf-texlive/tex/latex/base/report.cls
Document Class: report 2005/09/16 v1.4f Standard LaTeX document class
(/usr/share/texmf-texlive/tex/latex/base/size12.clo
File: size12.clo 2005/09/16 v1.4f Standard LaTeX file (size option)
)
\c@part=\count79
\c@chapter=\count80
\c@section=\count81
\c@subsection=\count82
\c@subsubsection=\count83
\c@paragraph=\count84
\c@subparagraph=\count85
\c@figure=\count86
\c@table=\count87
\abovecaptionskip=\skip41
\belowcaptionskip=\skip42
\bibindent=\dimen102
)
(/usr/share/texmf-texlive/tex/generic/babel/babel.sty
Package: babel 2005/11/23 v3.8h The Babel package

(/usr/share/texmf-texlive/tex/generic/babel/frenchb.ldf
Language: french 2005/02/06 v1.6g French support from the babel system

(/usr/share/texmf-texlive/tex/generic/babel/babel.def
File: babel.def 2005/11/23 v3.8h Babel common definitions
\babel@savecnt=\count88
\U@D=\dimen103
)
Package babel Info: Making : an active character on input line 219.
Package babel Info: Making ; an active character on input line 220.
Package babel Info: Making ! an active character on input line 221.
Package babel Info: Making ? an active character on input line 222.
LaTeX Font Info:    Redeclaring font encoding T1 on input line 299.
\parindentFFN=\dimen104
\std@mcc=\count89
\dec@mcc=\count90

*************************************
* Local config file frenchb.cfg used
*
(/usr/share/texmf-texlive/tex/generic/babel/frenchb.cfg)))
(/usr/share/texmf-texlive/tex/latex/graphics/graphicx.sty
Package: graphicx 1999/02/16 v1.0f Enhanced LaTeX Graphics (DPC,SPQR)

(/usr/share/texmf-texlive/tex/latex/graphics/keyval.sty
Package: keyval 1999/03/16 v1.13 key=value parser (DPC)
\KV@toks@=\toks14
)
(/usr/share/texmf-texlive/tex/latex/graphics/graphics.sty
Package: graphics 2006/02/20 v1.0o Standard LaTeX Graphics (DPC,SPQR)

(/usr/share/texmf-texlive/tex/latex/graphics/trig.sty
Package: trig 1999/03/16 v1.09 sin cos tan (DPC)
)
(/etc/texmf/tex/latex/config/graphics.cfg
File: graphics.cfg 2007/01/18 v1.5 graphics configuration of teTeX/TeXLive
)
Package graphics Info: Driver file: pdftex.def on input line 90.

(/usr/share/texmf-texlive/tex/latex/pdftex-def/pdftex.def
File: pdftex.def 2007/01/08 v0.04d Graphics/color for pdfTeX
\Gread@gobject=\count91
))
\Gin@req@height=\dimen105
\Gin@req@width=\dimen106
)
(/usr/share/texmf-texlive/tex/latex/base/inputenc.sty
Package: inputenc 2006/05/05 v1.1b Input encoding file
\inpenc@prehook=\toks15
\inpenc@posthook=\toks16

(/usr/share/texmf-texlive/tex/latex/ucs/utf8x.def
File: utf8x.def 2004/10/17 UCS: Input encoding UTF-8
))
(/usr/share/texmf-texlive/tex/latex/ucs/ucs.sty
Package: ucs 2004/10/17 UCS: Unicode input support

(/usr/share/texmf-texlive/tex/latex/ucs/data/uni-global.def
File: uni-global.def 2004/10/17 UCS: Unicode global data
)
\uc@secondtry=\count92
\uc@combtoks=\toks17
\uc@combtoksb=\toks18
\uc@temptokena=\toks19
)
(/usr/share/texmf-texlive/tex/latex/amsmath/amsmath.sty
Package: amsmath 2000/07/18 v2.13 AMS math features
\@mathmargin=\skip43

For additional information on amsmath, use the `?' option.
(/usr/share/texmf-texlive/tex/latex/amsmath/amstext.sty
Package: amstext 2000/06/29 v2.01

(/usr/share/texmf-texlive/tex/latex/amsmath/amsgen.sty
File: amsgen.sty 1999/11/30 v2.0
\@emptytoks=\toks20
\ex@=\dimen107
))
(/usr/share/texmf-texlive/tex/latex/amsmath/amsbsy.sty
Package: amsbsy 1999/11/29 v1.2d
\pmbraise@=\dimen108
)
(/usr/share/texmf-texlive/tex/latex/amsmath/amsopn.sty
Package: amsopn 1999/12/14 v2.01 operator names
)
\inf@bad=\count93
LaTeX Info: Redefining \frac on input line 211.
\uproot@=\count94
\leftroot@=\count95
LaTeX Info: Redefining \overline on input line 307.
\classnum@=\count96
\DOTSCASE@=\count97
LaTeX Info: Redefining \ldots on input line 379.
LaTeX Info: Redefining \dots on input line 382.
LaTeX Info: Redefining \cdots on input line 467.
\Mathstrutbox@=\box26
\strutbox@=\box27
\big@size=\dimen109
LaTeX Font Info:    Redeclaring font encoding OML on input line 567.
LaTeX Font Info:    Redeclaring font encoding OMS on input line 568.
\macc@depth=\count98
\c@MaxMatrixCols=\count99
\dotsspace@=\muskip10
\c@parentequation=\count100
\dspbrk@lvl=\count101
\tag@help=\toks21
\row@=\count102
\column@=\count103
\maxfields@=\count104
\andhelp@=\toks22
\eqnshift@=\dimen110
\alignsep@=\dimen111
\tagshift@=\dimen112
\tagwidth@=\dimen113
\totwidth@=\dimen114
\lineht@=\dimen115
\@envbody=\toks23
\multlinegap=\skip44
\multlinetaggap=\skip45
\mathdisplay@stack=\toks24
LaTeX Info: Redefining \[ on input line 2666.
LaTeX Info: Redefining \] on input line 2667.
)
(/usr/share/texmf-texlive/tex/latex/amsfonts/amsfonts.sty
Package: amsfonts 2001/10/25 v2.2f
\symAMSa=\mathgroup4
\symAMSb=\mathgroup5
LaTeX Font Info:    Overwriting math alphabet `\mathfrak' in version `bold'
(Font)                  U/euf/m/n --> U/euf/b/n on input line 132.
)
(/usr/share/texmf-texlive/tex/latex/hyperref/hyperref.sty
Package: hyperref 2007/02/07 v6.75r Hypertext links for LaTeX
\@linkdim=\dimen116
\Hy@linkcounter=\count105
\Hy@pagecounter=\count106

(/usr/share/texmf-texlive/tex/latex/hyperref/pd1enc.def
File: pd1enc.def 2007/02/07 v6.75r Hyperref: PDFDocEncoding definition (HO)
)
(/etc/texmf/tex/latex/config/hyperref.cfg
File: hyperref.cfg 2002/06/06 v1.2 hyperref configuration of TeXLive
)
(/usr/share/texmf-texlive/tex/latex/oberdiek/kvoptions.sty
Package: kvoptions 2006/08/22 v2.4 Connects package keyval with LaTeX options (
HO)
)
Package hyperref Info: Option `colorlinks' set `true' on input line 2238.
Package hyperref Info: Hyper figures OFF on input line 2288.
Package hyperref Info: Link nesting OFF on input line 2293.
Package hyperref Info: Hyper index ON on input line 2296.
Package hyperref Info: Plain pages OFF on input line 2303.
Package hyperref Info: Backreferencing OFF on input line 2308.

Implicit mode ON; LaTeX internals redefined
Package hyperref Info: Bookmarks ON on input line 2444.
(/usr/share/texmf-texlive/tex/latex/ltxmisc/url.sty
\Urlmuskip=\muskip11
Package: url 2005/06/27  ver 3.2  Verb mode for urls, etc.
)
LaTeX Info: Redefining \url on input line 2599.
\Fld@menulength=\count107
\Field@Width=\dimen117
\Fld@charsize=\dimen118
\Choice@toks=\toks25
\Field@toks=\toks26
Package hyperref Info: Hyper figures OFF on input line 3102.
Package hyperref Info: Link nesting OFF on input line 3107.
Package hyperref Info: Hyper index ON on input line 3110.
Package hyperref Info: backreferencing OFF on input line 3117.
Package hyperref Info: Link coloring ON on input line 3120.
\Hy@abspage=\count108
\c@Item=\count109
\c@Hfootnote=\count110
)
*hyperref using default driver hpdftex*
(/usr/share/texmf-texlive/tex/latex/hyperref/hpdftex.def
File: hpdftex.def 2007/02/07 v6.75r Hyperref driver for pdfTeX
\Fld@listcount=\count111
)
(/usr/share/texmf-texlive/tex/latex/graphics/color.sty
Package: color 2005/11/14 v1.0j Standard LaTeX Color (DPC)

(/etc/texmf/tex/latex/config/color.cfg
File: color.cfg 2007/01/18 v1.5 color configuration of teTeX/TeXLive
)
Package color Info: Driver file: pdftex.def on input line 130.
)
(/usr/share/texmf-texlive/tex/latex/amsfonts/amssymb.sty
Package: amssymb 2002/01/22 v2.2d
)
(/usr/share/texmf-texlive/tex/latex/algorithm.sty
Package: algorithm 2009/08/24 v0.1 Document Style `algorithm' - floating enviro
nment

(/usr/share/texmf-texlive/tex/latex/float/float.sty
Package: float 2001/11/08 v1.3d Float enhancements (AL)
\c@float@type=\count112
\float@exts=\toks27
\float@box=\box28
\@float@everytoks=\toks28
\@floatcapt=\box29
)
(/usr/share/texmf-texlive/tex/latex/base/ifthen.sty
Package: ifthen 2001/05/26 v1.1c Standard LaTeX ifthen package (DPC)
)
\@float@every@algorithm=\toks29
\c@algorithm=\count113
)
(/usr/share/texmf-texlive/tex/latex/algorithmic.sty
Package: algorithmic 2009/08/24 v0.1 Document Style `algorithmic'
\c@ALC@unique=\count114
\c@ALC@line=\count115
\c@ALC@rem=\count116
\c@ALC@depth=\count117
\ALC@tlm=\skip46
\algorithmicindent=\skip47
)
(/usr/share/texmf-texlive/tex/latex/subfigure/subfigure.sty
Package: subfigure 2002/03/15 v2.1.5 subfigure package
\subfigtopskip=\skip48
\subfigcapskip=\skip49
\subfigcaptopadj=\dimen119
\subfigbottomskip=\skip50
\subfigcapmargin=\dimen120
\subfiglabelskip=\skip51
\c@subfigure=\count118
\c@lofdepth=\count119
\c@subtable=\count120
\c@lotdepth=\count121

****************************************
* Local config file subfigure.cfg used *
****************************************
(/usr/share/texmf-texlive/tex/latex/subfigure/subfigure.cfg)
\subfig@top=\skip52
\subfig@bottom=\skip53
)
(./cours_cryptanalyse.aux)
\openout1 = `cours_cryptanalyse.aux'.

LaTeX Font Info:    Checking defaults for OML/cmm/m/it on input line 46.
LaTeX Font Info:    ... okay on input line 46.
LaTeX Font Info:    Checking defaults for T1/lmr/m/n on input line 46.
LaTeX Font Info:    Try loading font information for T1+lmr on input line 46.
 (/usr/share/texmf/tex/latex/lm/t1lmr.fd
File: t1lmr.fd 2007/01/14 v1.3 Font defs for Latin Modern
)
LaTeX Font Info:    ... okay on input line 46.
LaTeX Font Info:    Checking defaults for OT1/cmr/m/n on input line 46.
LaTeX Font Info:    ... okay on input line 46.
LaTeX Font Info:    Checking defaults for OMS/cmsy/m/n on input line 46.
LaTeX Font Info:    ... okay on input line 46.
LaTeX Font Info:    Checking defaults for OMX/cmex/m/n on input line 46.
LaTeX Font Info:    ... okay on input line 46.
LaTeX Font Info:    Checking defaults for U/cmr/m/n on input line 46.
LaTeX Font Info:    ... okay on input line 46.
LaTeX Font Info:    Checking defaults for PD1/pdf/m/n on input line 46.
LaTeX Font Info:    ... okay on input line 46.
LaTeX Info: Redefining \dots on input line 46.

(/usr/share/texmf-texlive/tex/context/base/supp-pdf.tex
[Loading MPS to PDF converter (version 2006.09.02).]
\scratchcounter=\count122
\scratchdimen=\dimen121
\scratchbox=\box30
\nofMPsegments=\count123
\nofMParguments=\count124
\everyMPshowfont=\toks30
\MPscratchCnt=\count125
\MPscratchDim=\dimen122
\MPnumerator=\count126
\everyMPtoPDFconversion=\toks31
) (/usr/share/texmf-texlive/tex/latex/ucs/ucsencs.def
File: ucsencs.def 2003/11/29 Fixes to fontencodings LGR, T3
)
Package hyperref Info: Link coloring ON on input line 46.

(/usr/share/texmf-texlive/tex/latex/hyperref/nameref.sty
Package: nameref 2006/12/27 v2.28 Cross-referencing by name of section

(/usr/share/texmf-texlive/tex/latex/oberdiek/refcount.sty
Package: refcount 2006/02/20 v3.0 Data extraction from references (HO)
)
\c@section@level=\count127
)
LaTeX Info: Redefining \ref on input line 46.
LaTeX Info: Redefining \pageref on input line 46.

(./cours_cryptanalyse.out) (./cours_cryptanalyse.out)
\@outlinefile=\write3
\openout3 = `cours_cryptanalyse.out'.

LaTeX Font Info:    Try loading font information for U+msa on input line 49.

(/usr/share/texmf-texlive/tex/latex/amsfonts/umsa.fd
File: umsa.fd 2002/01/19 v2.2g AMS font definitions
)
LaTeX Font Info:    Try loading font information for U+msb on input line 49.

(/usr/share/texmf-texlive/tex/latex/amsfonts/umsb.fd
File: umsb.fd 2002/01/19 v2.2g AMS font definitions
)
(/usr/share/texmf-texlive/tex/latex/ucs/data/uni-0.def
File: uni-0.def 2004/10/17 UCS: Unicode data U+0000..U+00FF
) [1

{/var/lib/texmf/fonts/map/pdftex/updmap/pdftex.map}] (./cours_cryptanalyse.tocp
dfTeX warning (ext4): destination with the same identifier (name{page.1}) has b
een already used, duplicate ignored
<to be read again> 
                   \relax 
l.161 ...uclidiens et cryptanalyse}{61}{chapter.8}
                                                   [1

])
\tf@toc=\write4
\openout4 = `cours_cryptanalyse.toc'.

 [2]
Chapitre 1.
(./crypto_sym.pdf_t <crypto_sym.pdf, id=166, 297.11pt x 157.58875pt>
File: crypto_sym.pdf Graphic file (type pdf)

<use crypto_sym.pdf>)
Overfull \hbox (2.77205pt too wide) in paragraph at lines 65--66
[]\OT1/cmr/m/n/12 Keygen : al-go-rithme pro-ba-bi-liste avec en entr^^See un pa
-ram^^Retre de s^^Securit^^Se
 []

[3

pdfTeX warning (ext4): destination with the same identifier (name{figure.1.1}) 
has been already used, duplicate ignored
<to be read again> 
                   \endgroup \set@typeset@protect 
l.74 \item a
            ttaque à chiffré seul <./crypto_sym.pdf>]
Overfull \hbox (2.60678pt too wide) in paragraph at lines 82--83
[] \OT1/cmr/m/n/12 Prin-cipe de Ker-khoffs : l'al-go-rithme de chif-fre-ment/d^
^Sechiffrement est connu,
 []

(./flot.pdf_t <flot.pdf, id=181, 227.85126pt x 122.4575pt>
File: flot.pdf Graphic file (type pdf)
 <use flot.pdf>)

LaTeX Warning: `h' float specifier changed to `ht'.

[4] (./bloc.pdf_t <bloc.pdf, id=189, 321.2pt x 122.4575pt>
File: bloc.pdf Graphic file (type pdf)
 <use bloc.pdf>)
(./OFB.pdf_t <OFB.pdf, id=190, 608.2725pt x 278.03876pt>
File: OFB.pdf Graphic file (type pdf)
 <use OFB.pdf>)

LaTeX Warning: `h' float specifier changed to `ht'.

(./crypto_asym.pdf_t <crypto_asym.pdf, id=191, 227.85126pt x 71.26625pt>
File: crypto_asym.pdf Graphic file (type pdf)

<use crypto_asym.pdf>) [5pdfTeX warning (ext4): destination with the same ident
ifier (name{figure.1.2}) has been already used, duplicate ignored
<to be read again> 
                   \endgroup \set@typeset@protect 
l.130 \end{figure}
                  pdfTeX warning (ext4): destination with the same identifier (
name{figure.1.3}) has been already used, duplicate ignored
<to be read again> 
                   \endgroup \set@typeset@protect 
l.130 \end{figure}
                   <./flot.pdf> <./bloc.pdf>] [6pdfTeX warning (ext4): destinat
ion with the same identifier (name{figure.1.4}) has been already used, duplicat
e ignored
<to be read again> 
                   \endgroup \set@typeset@protect 
l.148 \item R
             etrouver $s_k$ (TB) <./OFB.pdf> <./crypto_asym.pdf>]
Overfull \hbox (3.53639pt too wide) in paragraph at lines 162--163
[]\OT1/cmr/m/n/12 Casser la no-tion OW-CPA pour RSA est ^^Sequivalent ^^Ra r^^S
esoudre l'^^Sequation
 []


Overfull \hbox (2.57932pt too wide) in paragraph at lines 163--164
[]\OT1/cmr/m/n/12 Pour El Ga-mal, cas-ser la no-tion TB-CPA re-vient ^^Ra r^^Se
soudre un probl^^Reme
 []

[7] [8]
Chapitre 2.

Underfull \hbox (badness 10000) in paragraph at lines 177--182

 []

[9

]
Overfull \hbox (3.43071pt too wide) in paragraph at lines 197--200
\OT1/cmr/m/n/12 R^^Seciproquement, si $\OML/cmm/m/it/12 e\OMS/cmsy/m/n/12 j\OT1
/cmr/m/n/12 (\OML/cmm/m/it/12 q \OMS/cmsy/m/n/12 ^^@ \OT1/cmr/m/n/12 1)$ alors 
il existe $\OML/cmm/m/it/12 '\OT1/cmr/m/n/12 (\OML/cmm/m/it/12 e\OT1/cmr/m/n/12
 )$ ($\OML/cmm/m/it/12 '$ \OT1/cmr/m/n/12 in-di-ca-trice d'Eu-ler) ^^Sel^^Semen
ts
 []

[10] [11]
Chapitre 3.
(./synchrone.pdf_t <synchrone.pdf, id=277, 724.7075pt x 154.5775pt>
File: synchrone.pdf Graphic file (type pdf)

<use synchrone.pdf>)
Overfull \hbox (44.56291pt too wide) in paragraph at lines 216--217
 [] 
 []

(./alice_bob_synchrone.pdf_t
<alice_bob_synchrone.pdf, id=278, 541.02126pt x 207.77625pt>
File: alice_bob_synchrone.pdf Graphic file (type pdf)

<use alice_bob_synchrone.pdf>) [12

 <./synchrone.pdf>] (./auto-synch.pdf_t
<auto-synch.pdf, id=294, 261.97874pt x 237.88875pt>
File: auto-synch.pdf Graphic file (type pdf)
 <use auto-synch.pdf>)
(./OFB.pdf_t
File: OFB.pdf Graphic file (type pdf)
 <use OFB.pdf>) [13 <./alice_bob_synchrone.pdf> <./auto-synch.pdf>]
Overfull \hbox (28.45808pt too wide) in paragraph at lines 242--244
\OT1/cmr/m/n/12 D^^Res que $\OML/cmm/m/it/12 t$ \OT1/cmr/m/n/12 chiffr^^Ses con
s^^Secutifs va-lides sont trans-mis, on peut cal-cu-ler le d^^Sechiffrement
 []


Underfull \hbox (badness 10000) in paragraph at lines 246--248

 []

(./synch-additif.pdf_t <synch-additif.pdf, id=314, 239.89626pt x 237.88875pt>
File: synch-additif.pdf Graphic file (type pdf)

<use synch-additif.pdf>)

LaTeX Warning: `h' float specifier changed to `ht'.

(./etat_RC4.pdf_t <etat_RC4.pdf, id=315, 491.8375pt x 93.34875pt>
File: etat_RC4.pdf Graphic file (type pdf)

<use etat_RC4.pdf>)

LaTeX Warning: `h' float specifier changed to `ht'.


Underfull \hbox (badness 10000) in paragraph at lines 270--272

 []

[14]
Underfull \hbox (badness 10000) in paragraph at lines 280--283

 []

(./schema_sortie.pdf_t <schema_sortie.pdf, id=324, 400.49625pt x 210.7875pt>
File: schema_sortie.pdf Graphic file (type pdf)

<use schema_sortie.pdf>)

LaTeX Warning: `h' float specifier changed to `ht'.

[15 <./synch-additif.pdf> <./etat_RC4.pdf>] [16 <./schema_sortie.pdf>] [17]
[18] [19]
Chapitre 4.

Overfull \hbox (4.13483pt too wide) in paragraph at lines 386--387
[]\OT1/cmr/m/n/12 Linear Feed-back Shift Re-gis-ter = Re-gistres ^^Ra d^^Secala
ge ^^Ra r^^Setroaction lin^^Seaire 
 []

(./LFSR_i.pdf_t <LFSR_i.pdf, id=392, 730.73pt x 230.8625pt>
File: LFSR_i.pdf Graphic file (type pdf)
 <use LFSR_i.pdf>)
(./LFSR_i+1.pdf_t <LFSR_i+1.pdf, id=393, 745.78625pt x 230.8625pt>
File: LFSR_i+1.pdf Graphic file (type pdf)

<use LFSR_i+1.pdf>) (./schema_exemple.pdf_t
<schema_exemple.pdf, id=394, 683.55376pt x 108.405pt>
File: schema_exemple.pdf Graphic file (type pdf)
 <use schema_exemple.pdf>) [20

 <./LFSR_i.pdf> <./LFSR_i+1.pdf>]
Overfull \hbox (2.313pt too wide) in paragraph at lines 424--435
\OT1/cmr/m/n/12 On sup-pose que le re-gistre du LFSR n'est ja-mais nul. Parmi $
[\OML/cmm/m/it/12 R[]; R[] [] ; R[]\OT1/cmr/m/n/12 ]$
 []

[21 <./schema_exemple.pdf>] [22]
Overfull \hbox (43.06389pt too wide) detected at line 507
\OML/cmm/m/it/12 s\OT1/cmr/m/n/12 (\OML/cmm/m/it/12 X\OT1/cmr/m/n/12 )\OML/cmm/
m/it/12 f\OT1/cmr/m/n/12 (\OML/cmm/m/it/12 X\OT1/cmr/m/n/12 ) = (\OML/cmm/m/it/
12 s[] \OT1/cmr/m/n/12 + \OML/cmm/m/it/12 s[]X \OT1/cmr/m/n/12 + \OML/cmm/m/it/
12 s[]X[] \OT1/cmr/m/n/12 + [])(\OML/cmm/m/it/12 c[] \OT1/cmr/m/n/12 + \OML/cmm
/m/it/12 c[]X \OT1/cmr/m/n/12 + \OML/cmm/m/it/12 c[]X[] \OT1/cmr/m/n/12 + [] + 
\OML/cmm/m/it/12 c[]X[]\OT1/cmr/m/n/12 ) = \OML/cmm/m/it/12 g[] \OT1/cmr/m/n/12
 + \OML/cmm/m/it/12 g[]X \OT1/cmr/m/n/12 + \OML/cmm/m/it/12 g[]X[] \OT1/cmr/m/n
/12 + []
 []

[23]
Underfull \hbox (badness 10000) in paragraph at lines 537--538

 []

[24]
Overfull \hbox (7.69pt too wide) in paragraph at lines 569--570
[] \OT1/cmr/m/n/12 La r^^Seciproque est vraie : si $\OML/cmm/m/it/12 s$ \OT1/cm
r/m/n/12 est une m-s^^Sequence, son po-lyn^ome de r^^Setroaction
 []

[25]
Underfull \hbox (badness 10000) in paragraph at lines 576--577

 []

[26]
Underfull \hbox (badness 10000) in paragraph at lines 606--608

 []

[27]

LaTeX Font Warning: Font shape `OT1/cmr/bx/sc' undefined
(Font)              using `OT1/cmr/bx/n' instead on input line 626.


Underfull \hbox (badness 10000) in paragraph at lines 645--646

 []

[28] [29]
Chapitre 5.
(./construction_combi.pdf_t
<construction_combi.pdf, id=501, 627.34375pt x 234.8775pt>
File: construction_combi.pdf Graphic file (type pdf)

<use construction_combi.pdf>)
Underfull \hbox (badness 10000) in paragraph at lines 674--675

 []

[30

 <./construction_combi.pdf>]
Underfull \hbox (badness 10000) in paragraph at lines 701--703

 []


Underfull \hbox (badness 10000) in paragraph at lines 707--712

 []

[31]
Overfull \hbox (12.49838pt too wide) in paragraph at lines 722--723
\OT1/cmr/m/n/12 l'unique po-ly-nome $\OML/cmm/m/it/12 Q[]$ \OT1/cmr/m/n/12 de $
[]$ tel que $\OML/cmm/m/it/12 f\OT1/cmr/m/n/12 (\OML/cmm/m/it/12 u[]; [] ; u[]\
OT1/cmr/m/n/12 ) =
 []


Underfull \hbox (badness 10000) in paragraph at lines 722--723

 []


Overfull \hbox (10.32709pt too wide) in paragraph at lines 723--724
 \OT1/cmr/bx/sc/12 Exemple :[] $\OML/cmm/m/it/12 x[]x[] \OT1/cmr/m/n/12 + \OML/
cmm/m/it/12 x[]x[] \OT1/cmr/m/n/12 + \OML/cmm/m/it/12 x[] \OT1/cmr/m/n/12 = \OM
L/cmm/m/it/12 x[]x[] \OT1/cmr/m/n/12 + \OML/cmm/m/it/12 x[]x[] \OT1/cmr/m/n/12 
+ \OML/cmm/m/it/12 x[]$ \OT1/cmr/m/n/12 dans $[]$. 
 []


Underfull \hbox (badness 10000) in paragraph at lines 726--727

 []


Underfull \hbox (badness 10000) in paragraph at lines 728--729

 []

[32]

Package frenchb.ldf Warning: Degrees would look better in TS1-encoding: 
(frenchb.ldf)                add \usepackage{textcomp} to the preamble. 
(frenchb.ldf)                Degrees used on input line 742.

[33] (./construction_combi.pdf_t
File: construction_combi.pdf Graphic file (type pdf)
 <use construction_combi.pdf>)
Underfull \hbox (badness 10000) in paragraph at lines 776--777

 []


Overfull \hbox (9.94005pt too wide) in paragraph at lines 778--780
\OT1/cmr/m/n/12 Si $(\OML/cmm/m/it/12 u[]\OT1/cmr/m/n/12 )$ et $(\OML/cmm/m/it/
12 v[]\OT1/cmr/m/n/12 )$ sont deux suites ^^Ra r^^Securrence lin^^Seaire de po-
ly-nomes de r^^Setroaction
 []

[34] (./construction_combi2.pdf_t
<construction_combi2.pdf, id=548, 627.34375pt x 264.99pt>
File: construction_combi2.pdf Graphic file (type pdf)

<use construction_combi2.pdf>) (./geffe.pdf_t
<geffe.pdf, id=549, 389.455pt x 100.375pt>
File: geffe.pdf Graphic file (type pdf)
 <use geffe.pdf>)
Overfull \hbox (29.75818pt too wide) in paragraph at lines 797--798
\OT1/cmr/m/n/12 vi-ser pour r^^Segner, on re-trouve l'ini-tia-li-sa-tion de cha
-cun des LFSR ind^^Sependamment. 
 []

[35 <./construction_combi2.pdf> <./geffe.pdf>]
Underfull \hbox (badness 10000) in paragraph at lines 815--816

 []

[36]
Overfull \hbox (23.95927pt too wide) in paragraph at lines 821--822
\OT1/cmr/m/n/12 riables al^^Seatoires bi-naires, la va-riable al^^Seatoire $\OM
L/cmm/m/it/12 f\OT1/cmr/m/n/12 (\OML/cmm/m/it/12 X[]; X[]; [] ; X[]\OT1/cmr/m/n
/12 )$ est ind^^Sependante
 []


Underfull \hbox (badness 10000) in paragraph at lines 821--822

 []


Underfull \hbox (badness 10000) in paragraph at lines 826--826

 []


Package hyperref Warning: Token not allowed in a PDFDocEncoded string,
(hyperref)                removing `\\' on input line 826.

(./LFSR_filtre.pdf_t <LFSR_filtre.pdf, id=577, 630.355pt x 181.67876pt>
File: LFSR_filtre.pdf Graphic file (type pdf)

<use LFSR_filtre.pdf>)
Underfull \hbox (badness 10000) in paragraph at lines 837--838

 []

[37 <./LFSR_filtre.pdf>] (./schema_exe.pdf_t
<schema_exe.pdf, id=591, 292.09125pt x 209.78375pt>
File: schema_exe.pdf Graphic file (type pdf)
 <use schema_exe.pdf>)
Underfull \hbox (badness 10000) in paragraph at lines 844--845

 []

(./equi_combi.pdf_t <equi_combi.pdf, id=592, 400.49625pt x 210.7875pt>
File: equi_combi.pdf Graphic file (type pdf)

<use equi_combi.pdf>) [38 <./schema_exe.pdf> <./equi_combi.pdf>]
Overfull \hbox (2.43637pt too wide) in paragraph at lines 860--861
\OML/cmm/m/it/12 i[] \OMS/cmsy/m/n/12 ^^@ \OML/cmm/m/it/12 i[]$ \OT1/cmr/m/n/12
 doit ^etre le plus grand pos-sible proche de $\OML/cmm/m/it/12 L \OMS/cmsy/m/n
/12 ^^@ \OT1/cmr/m/n/12 1$ et $\OML/cmm/m/it/12 PGCD[]\OT1/cmr/m/n/12 (\OML/cmm
/m/it/12 i[] \OMS/cmsy/m/n/12 ^^@
 []


Underfull \hbox (badness 10000) in paragraph at lines 864--866

 []

(./Shannon.pdf_t <Shannon.pdf, id=612, 669.50125pt x 104.39pt>
File: Shannon.pdf Graphic file (type pdf)

<use Shannon.pdf>)
Overfull \hbox (45.09187pt too wide) in paragraph at lines 869--870
 [][] 
 []


Overfull \hbox (43.30031pt too wide) in paragraph at lines 879--881
\OT1/cmr/m/n/12 Or on a $\OML/cmm/m/it/12 R[] \OT1/cmr/m/n/12 = \OML/cmm/m/it/1
2 A[]R[]$\OT1/cmr/m/n/12 . On a donc un syst^^Reme lin^^Seaire qui donne $\OML/
cmm/m/it/12 R[] \OT1/cmr/m/n/12 = (\OML/cmm/m/it/12 s[]; s[]; [] ; s[]\OT1/cmr/
m/n/12 )$
 []

[39 <./Shannon.pdf>]
Underfull \hbox (badness 10000) in paragraph at lines 886--887

 []

(./schema_ex_0.pdf_t <schema_ex_0.pdf, id=626, 257.96375pt x 167.62625pt>
File: schema_ex_0.pdf Graphic file (type pdf)

<use schema_ex_0.pdf>)
Underfull \hbox (badness 10000) in paragraph at lines 891--892

 []

(./schema_ex_1.pdf_t <schema_ex_1.pdf, id=627, 257.96375pt x 167.62625pt>
File: schema_ex_1.pdf Graphic file (type pdf)

<use schema_ex_1.pdf>)
Underfull \hbox (badness 10000) in paragraph at lines 898--899

 []

(./schema_ex_2.pdf_t <schema_ex_2.pdf, id=628, 257.96375pt x 167.62625pt>
File: schema_ex_2.pdf Graphic file (type pdf)

<use schema_ex_2.pdf>) [40 <./schema_ex_0.pdf> <./schema_ex_1.pdf> <./schema_ex
_2.pdf>]
Underfull \hbox (badness 10000) in paragraph at lines 925--928

 []

[41] (./schema_A5.pdf_t <schema_A5.pdf, id=659, 212.795pt x 110.4125pt>
File: schema_A5.pdf Graphic file (type pdf)

<use schema_A5.pdf>) (./schema_EO.pdf_t
<schema_EO.pdf, id=660, 313.17pt x 135.50626pt>
File: schema_EO.pdf Graphic file (type pdf)
 <use schema_EO.pdf>) [42 <./schema_A5.pdf> <./schema_EO.pdf>]
Chapitre 6.
(./decoupe_message.pdf_t <decoupe_message.pdf, id=679, 232.87pt x 48.18pt>
File: decoupe_message.pdf Graphic file (type pdf)

<use decoupe_message.pdf>) (./chiffrement_bloc.pdf_t
<chiffrement_bloc.pdf, id=680, 213.79875pt x 226.8475pt>
File: chiffrement_bloc.pdf Graphic file (type pdf)

<use chiffrement_bloc.pdf>) (./dechiffrement_bloc.pdf_t
<dechiffrement_bloc.pdf, id=681, 213.79875pt x 226.8475pt>
File: dechiffrement_bloc.pdf Graphic file (type pdf)

<use dechiffrement_bloc.pdf>) [43

 <./decoupe_message.pdf> <./chiffrement_bloc.pdf> <./dechiffrement_bloc.pdf>] (
./schema_const.pdf_t
<schema_const.pdf, id=705, 435.6275pt x 79.29625pt>
File: schema_const.pdf Graphic file (type pdf)
 <use schema_const.pdf>)
Overfull \hbox (11.63622pt too wide) in paragraph at lines 982--983
[]\OT1/cmr/m/n/12 le sch^^Sema Sub-sti-tu-tion/Permutation (ou SPN en an-glais 
avec N=network)
 []

(./feistel_i.pdf_t <feistel_i.pdf, id=706, 189.70876pt x 254.9525pt>
File: feistel_i.pdf Graphic file (type pdf)

<use feistel_i.pdf>) (./dechif_feistel.pdf_t
<dechif_feistel.pdf, id=707, 189.70876pt x 254.9525pt>
File: dechif_feistel.pdf Graphic file (type pdf)

<use dechif_feistel.pdf>) [44 <./schema_const.pdf> <./feistel_i.pdf>]
(./f_DES.pdf_t <f_DES.pdf, id=727, 425.59pt x 401.5pt>
File: f_DES.pdf Graphic file (type pdf)
 <use f_DES.pdf>)
[45 <./dechif_feistel.pdf>]
Overfull \hbox (8.25923pt too wide) in paragraph at lines 1022--1023
[]\OT1/cmr/m/n/12 La dif-fu-sion a pour but d'em-pe-cher les at-taques sta-tis-
tiques. Par exemple,
 []

[46 <./f_DES.pdf>]
Overfull \hbox (14.06386pt too wide) in paragraph at lines 1039--1040
[]\OT1/cmr/m/n/12 L'attaque Meet in the Middle est pos-sible en pr^^Secaculant 
les $\OML/cmm/m/it/12 D[]\OT1/cmr/m/n/12 (\OML/cmm/m/it/12 E[]\OT1/cmr/m/n/12 (
\OML/cmm/m/it/12 M\OT1/cmr/m/n/12 ))$
 []


Overfull \hbox (2.62778pt too wide) in paragraph at lines 1043--1043
[]\OT1/cmr/bx/n/17.28 Sch^^Sema Sub-sti-tu-tion/Permutation (SPN) 
 []

[47] (./f_AES.pdf_t <f_AES.pdf, id=764, 549.05125pt x 367.3725pt>
File: f_AES.pdf Graphic file (type pdf)

<use f_AES.pdf>)
Underfull \hbox (badness 10000) in paragraph at lines 1054--1058

 []

[48 <./f_AES.pdf>] [49]
Chapitre 7.
(./differences.pdf_t <differences.pdf, id=785, 470.75874pt x 104.39pt>
File: differences.pdf Graphic file (type pdf)

<use differences.pdf>) [50

 <./differences.pdf>]

Package hyperref Warning: Token not allowed in a PDFDocEncoded string,
(hyperref)                removing `math shift' on input line 1084.


Package hyperref Warning: Token not allowed in a PDFDocEncoded string,
(hyperref)                removing `subscript' on input line 1084.


Package hyperref Warning: Token not allowed in a PDFDocEncoded string,
(hyperref)                removing `math shift' on input line 1084.

[51] (./proba_S.pdf_t <proba_S.pdf, id=806, 488.82625pt x 146.5475pt>
File: proba_S.pdf Graphic file (type pdf)

<use proba_S.pdf>)

Package hyperref Warning: Token not allowed in a PDFDocEncoded string,
(hyperref)                removing `math shift' on input line 1124.


Package hyperref Warning: Token not allowed in a PDFDocEncoded string,
(hyperref)                removing `subscript' on input line 1124.


Package hyperref Warning: Token not allowed in a PDFDocEncoded string,
(hyperref)                removing `math shift' on input line 1124.

(./dernier_tour_SPN.pdf_t
<dernier_tour_SPN.pdf, id=807, 278.03876pt x 303.1325pt>
File: dernier_tour_SPN.pdf Graphic file (type pdf)

<use dernier_tour_SPN.pdf>) [52 <./proba_S.pdf>]
Underfull \hbox (badness 10000) in paragraph at lines 1128--1129

 []


Underfull \hbox (badness 10000) in paragraph at lines 1130--1131

 []


Underfull \hbox (badness 10000) in paragraph at lines 1141--1142

 []

(./perm_B32.pdf_t <perm_B32.pdf, id=818, 249.93375pt x 104.39pt>
File: perm_B32.pdf Graphic file (type pdf)

<use perm_B32.pdf>) [53 <./dernier_tour_SPN.pdf>] (./schema_B32.pdf_t
<schema_B32.pdf, id=830, 516.93124pt x 705.63625pt>
File: schema_B32.pdf Graphic file (type pdf)
 <use schema_B32.pdf>)
[54 <./perm_B32.pdf> <./schema_B32.pdf>] (./exemple_B32.pdf_t
<exemple_B32.pdf, id=845, 421.575pt x 312.16624pt>
File: exemple_B32.pdf Graphic file (type pdf)
 <use exemple_B32.pdf>)
Underfull \hbox (badness 10000) in paragraph at lines 1169--1170

 []

[55 <./exemple_B32.pdf>]
Underfull \hbox (badness 10000) in paragraph at lines 1174--1177

 []


Underfull \hbox (badness 10000) in paragraph at lines 1178--1179

 []

(./lin.pdf_t <lin.pdf, id=857, 316.18124pt x 71.26625pt>
File: lin.pdf Graphic file (type pdf)
 <use lin.pdf>)
[56 <./lin.pdf>]
Underfull \hbox (badness 10000) in paragraph at lines 1199--1200

 []

[57]
Underfull \hbox (badness 10000) in paragraph at lines 1206--1207

 []


Overfull \hbox (12.05379pt too wide) detected at line 1215
\OT1/cmr/m/n/12 (1) + (2) :  \OML/cmm/m/it/12 :m \OT1/cmr/m/n/12 + \OML/cmm/m/
it/12 ^^L:x[] \OT1/cmr/m/n/12 + \OML/cmm/m/it/12 ^^L:x[] \OT1/cmr/m/n/12 + \OML
/cmm/m/it/12 ^^M:x[] \OT1/cmr/m/n/12 = \OML/cmm/m/it/12 :m \OT1/cmr/m/n/12 + \
OML/cmm/m/it/12 ^^M:x[][]P\OT1/cmr/m/n/12 [(1) + (2) = 0]
 []

[58] (./schema_B32_lin.pdf_t
<schema_B32_lin.pdf, id=882, 516.93124pt x 705.63625pt>
File: schema_B32_lin.pdf Graphic file (type pdf)

<use schema_B32_lin.pdf>) [59 <./schema_B32_lin.pdf>]
(./dernier_tour_SPN_lin.pdf_t
<dernier_tour_SPN_lin.pdf, id=894, 463.7325pt x 319.1925pt>
File: dernier_tour_SPN_lin.pdf Graphic file (type pdf)

<use dernier_tour_SPN_lin.pdf>) [60 <./dernier_tour_SPN_lin.pdf>]
Chapitre 8.
[61

]
Underfull \hbox (badness 10000) in paragraph at lines 1269--1271

 []


Underfull \hbox (badness 10000) in paragraph at lines 1273--1274

 []

[62]
Underfull \hbox (badness 10000) in paragraph at lines 1301--1302

 []

(./para_B_p.pdf_t <para_B_p.pdf, id=919, 254.9525pt x 220.825pt>
File: para_B_p.pdf Graphic file (type pdf)

<use para_B_p.pdf>) [63 <./para_B_p.pdf>] (./para_B.pdf_t
<para_B.pdf, id=929, 178.6675pt x 209.78375pt>
File: para_B.pdf Graphic file (type pdf)
 <use para_B.pdf>)
(./reduite.pdf_t <reduite.pdf, id=930, 135.50626pt x 155.58125pt>
File: reduite.pdf Graphic file (type pdf)

<use reduite.pdf>) [64 <./para_B.pdf>] [65 <./reduite.pdf>]
Overfull \hbox (11.3862pt too wide) in paragraph at lines 1356--1359
$\OML/cmm/m/it/12 vect\OT1/cmr/m/n/12 (\OML/cmm/m/it/12 b[]; [] ; b[]\OT1/cmr/m
/n/12 ) = \OML/cmm/m/it/12 vect\OT1/cmr/m/n/12 (\OML/cmm/m/it/12 b[]; [] ; b[]\
OT1/cmr/m/n/12 )$ est le $\U/msb/m/n/12 R$\OT1/cmr/m/n/12 -espace vec-to-riel e
n-gendr^^Se par $\OML/cmm/m/it/12 b[]; [] ; b[]$
 []


Underfull \hbox (badness 10000) in paragraph at lines 1373--1379

 []

[66] [67]
Underfull \hbox (badness 2443) in paragraph at lines 1424--1425
[] []\OT1/cmr/m/n/12 une base LLL r^^Seduite de $\OML/cmm/m/it/12 L$ \OT1/cmr/m
/n/12 en $\OML/cmm/m/it/12 O\OT1/cmr/m/n/12 (\OML/cmm/m/it/12 d[]\OT1/cmr/m/n/1
2 ([] \OMS/cmsy/m/n/12 M\OT1/cmr/m/n/12 )[])$ o^^Ru $\OMS/cmsy/m/n/12 M \OT1/cm
r/m/n/12 =
 []

[68]
Overfull \hbox (18.13423pt too wide) in paragraph at lines 1443--1444
[] \OT1/cmr/m/n/12 Si $\OML/cmm/m/it/12 s$ \OT1/cmr/m/n/12 se d^^Secompose en $
\OML/cmm/m/it/12 a[] \OT1/cmr/m/n/12 + [] + \OML/cmm/m/it/12 a[]$\OT1/cmr/m/n/1
2 , l'al-go-rithme glou-ton re-trouve $\OML/cmm/m/it/12 a[]; a[]; [] ; a[]$
 []


Overfull \hbox (8.45113pt too wide) in paragraph at lines 1445--1446
 \OT1/cmr/bx/sc/12 Merkle-Hellmann[] \OT1/cmr/m/n/12 Le crypto-syst^^Reme cache
 une ins-tance faible du probl^^Reme
 []


Underfull \hbox (badness 10000) in paragraph at lines 1455--1456

 []


Underfull \hbox (badness 10000) in paragraph at lines 1460--1461

 []

[69]
Underfull \hbox (badness 10000) in paragraph at lines 1461--1463

 []


Overfull \hbox (44.51917pt too wide) in paragraph at lines 1470--1475
\OT1/cmr/m/n/12 Si $\OML/cmm/m/it/12 x \OT1/cmr/m/n/12 = \OML/cmm/m/it/12 x[]e[
] \OT1/cmr/m/n/12 + \OML/cmm/m/it/12 x[]e[] \OT1/cmr/m/n/12 + [] \OML/cmm/m/it/
12 x[]e[]$ \OT1/cmr/m/n/12 avec $\OML/cmm/m/it/12 x[]e[] \OT1/cmr/m/n/12 = \OML
/cmm/m/it/12 x[]\OT1/cmr/m/n/12 (1\OML/cmm/m/it/12 ; \OT1/cmr/m/n/12 0\OML/cmm/
m/it/12 ; [] ; \OT1/cmr/m/n/12 0\OML/cmm/m/it/12 ; Kb[]\OT1/cmr/m/n/12 ) = (\OM
L/cmm/m/it/12 x[]; \OT1/cmr/m/n/12 0\OML/cmm/m/it/12 ; [] ; \OT1/cmr/m/n/12 0\O
ML/cmm/m/it/12 ; Kb[]x[]\OT1/cmr/m/n/12 )$
 []

[70]
Underfull \hbox (badness 10000) in paragraph at lines 1486--1488

 []


Underfull \hbox (badness 10000) in paragraph at lines 1491--1494

 []

[71] [72] (./cours_cryptanalyse.aux)

LaTeX Font Warning: Some font shapes were not available, defaults substituted.

 ) 
Here is how much of TeX's memory you used:
 6120 strings out of 95063
 81320 string characters out of 1182610
 143301 words of memory out of 1500000
 8748 multiletter control sequences out of 10000+50000
 16363 words of font info for 52 fonts, out of 1200000 for 2000
 28 hyphenation exceptions out of 8191
 27i,11n,45p,1233b,671s stack positions out of 5000i,500n,6000p,200000b,5000s
{/usr/share/texmf/fonts/enc/dvips/lm/lm-ec.enc}</usr/share/texmf-texlive/font
s/type1/bluesky/cm/cmbx12.pfb></usr/share/texmf-texlive/fonts/type1/bluesky/cm/
cmcsc10.pfb></usr/share/texmf-texlive/fonts/type1/bluesky/cm/cmex10.pfb></usr/s
hare/texmf-texlive/fonts/type1/bluesky/cm/cmmi10.pfb></usr/share/texmf-texlive/
fonts/type1/bluesky/cm/cmmi12.pfb></usr/share/texmf-texlive/fonts/type1/bluesky
/cm/cmmi6.pfb></usr/share/texmf-texlive/fonts/type1/bluesky/cm/cmmi8.pfb></usr/
share/texmf-texlive/fonts/type1/bluesky/cm/cmr12.pfb></usr/share/texmf-texlive/
fonts/type1/bluesky/cm/cmr17.pfb></usr/share/texmf-texlive/fonts/type1/bluesky/
cm/cmr6.pfb></usr/share/texmf-texlive/fonts/type1/bluesky/cm/cmr8.pfb></usr/sha
re/texmf-texlive/fonts/type1/bluesky/cm/cmsy10.pfb></usr/share/texmf-texlive/fo
nts/type1/bluesky/cm/cmsy6.pfb></usr/share/texmf-texlive/fonts/type1/bluesky/cm
/cmsy8.pfb></usr/share/texmf/fonts/type1/public/lm/lmr12.pfb></usr/share/texmf-
texlive/fonts/type1/bluesky/ams/msam10.pfb></usr/share/texmf-texlive/fonts/type
1/bluesky/ams/msam7.pfb></usr/share/texmf-texlive/fonts/type1/bluesky/ams/msbm1
0.pfb></usr/share/texmf-texlive/fonts/type1/bluesky/ams/msbm7.pfb>
Output written on cours_cryptanalyse.pdf (73 pages, 533775 bytes).
PDF statistics:
 1157 PDF objects out of 1200 (max. 8388607)
 327 named destinations out of 1000 (max. 131072)
 471 words of extra memory for PDF output out of 10000 (max. 10000000)

