\BOOKMARK [0][-]{chapter.1}{Introduction}{}
\BOOKMARK [1][-]{section.1.1}{Cryptographie sym\351trique}{chapter.1}
\BOOKMARK [2][-]{subsection.1.1.1}{Chiffrement par flot}{section.1.1}
\BOOKMARK [2][-]{subsection.1.1.2}{Chiffrement par bloc}{section.1.1}
\BOOKMARK [1][-]{section.1.2}{Cryptographie asym\351trique}{chapter.1}
\BOOKMARK [0][-]{chapter.2}{Rappels sur les corps finis}{}
\BOOKMARK [0][-]{chapter.3}{Les chiffrements par flot}{}
\BOOKMARK [1][-]{section.3.1}{Synchrones/auto-synchronisants}{chapter.3}
\BOOKMARK [2][-]{subsection.3.1.1}{Synchrones}{section.3.1}
\BOOKMARK [2][-]{subsection.3.1.2}{Syst\350mes auto-synchronisants}{section.3.1}
\BOOKMARK [1][-]{section.3.2}{Chiffrement \340 flot additif synchrone}{chapter.3}
\BOOKMARK [0][-]{chapter.4}{LFSR}{}
\BOOKMARK [0][-]{chapter.5}{Combinaisons de LFSR}{}
\BOOKMARK [1][-]{section.5.1}{Fonctions bool\351ennes}{chapter.5}
\BOOKMARK [1][-]{section.5.2}{Combinaisons de LFSR}{chapter.5}
\BOOKMARK [1][-]{section.5.3}{Attaque par corr\351lation sur une combinaison de LFSR}{chapter.5}
\BOOKMARK [1][-]{section.5.4}{LFSR filtr\351}{chapter.5}
\BOOKMARK [0][-]{chapter.6}{Chiffrement par blocs}{}
\BOOKMARK [1][-]{section.6.1}{Sch\351ma de Feistel}{chapter.6}
\BOOKMARK [1][-]{section.6.2}{Sch\351ma Substitution/Permutation \(SPN\)}{chapter.6}
\BOOKMARK [0][-]{chapter.7}{Cryptanalyse des chiffrements par blocs}{}
\BOOKMARK [1][-]{section.7.1}{Cryptanalyse diff\351rentielle}{chapter.7}
\BOOKMARK [2][-]{subsection.7.1.1}{Calcul de PA,B sur un sch\351ma SPN}{section.7.1}
\BOOKMARK [2][-]{subsection.7.1.2}{Comment faire une recherche exhaustive sur Kr}{section.7.1}
\BOOKMARK [1][-]{section.7.2}{Cryptanalyse lin\351aire}{chapter.7}
\BOOKMARK [0][-]{chapter.8}{R\351seaux euclidiens et cryptanalyse}{}
\BOOKMARK [1][-]{section.8.1}{R\351seaux euclidiens}{chapter.8}
\BOOKMARK [1][-]{section.8.2}{Application \340 la cryptographie}{chapter.8}
