This is pdfTeXk, Version 3.141592-1.40.3 (Web2C 7.5.6) (format=pdflatex 2010.6.20)  11 DEC 2010 14:21
entering extended mode
 %&-line parsing enabled.
**cours.tex
(./cours.tex
LaTeX2e <2005/12/01>
Babel <v3.8h> and hyphenation patterns for english, usenglishmax, dumylang, noh
yphenation, basque, french, loaded.
(/usr/share/texmf-texlive/tex/latex/base/report.cls
Document Class: report 2005/09/16 v1.4f Standard LaTeX document class
(/usr/share/texmf-texlive/tex/latex/base/size12.clo
File: size12.clo 2005/09/16 v1.4f Standard LaTeX file (size option)
)
\c@part=\count79
\c@chapter=\count80
\c@section=\count81
\c@subsection=\count82
\c@subsubsection=\count83
\c@paragraph=\count84
\c@subparagraph=\count85
\c@figure=\count86
\c@table=\count87
\abovecaptionskip=\skip41
\belowcaptionskip=\skip42
\bibindent=\dimen102
)
(/usr/share/texmf-texlive/tex/generic/babel/babel.sty
Package: babel 2005/11/23 v3.8h The Babel package

(/usr/share/texmf-texlive/tex/generic/babel/frenchb.ldf
Language: french 2005/02/06 v1.6g French support from the babel system

(/usr/share/texmf-texlive/tex/generic/babel/babel.def
File: babel.def 2005/11/23 v3.8h Babel common definitions
\babel@savecnt=\count88
\U@D=\dimen103
)
Package babel Info: Making : an active character on input line 219.
Package babel Info: Making ; an active character on input line 220.
Package babel Info: Making ! an active character on input line 221.
Package babel Info: Making ? an active character on input line 222.
LaTeX Font Info:    Redeclaring font encoding T1 on input line 299.
\parindentFFN=\dimen104
\std@mcc=\count89
\dec@mcc=\count90

*************************************
* Local config file frenchb.cfg used
*
(/usr/share/texmf-texlive/tex/generic/babel/frenchb.cfg)))
(/usr/share/texmf-texlive/tex/latex/graphics/graphicx.sty
Package: graphicx 1999/02/16 v1.0f Enhanced LaTeX Graphics (DPC,SPQR)

(/usr/share/texmf-texlive/tex/latex/graphics/keyval.sty
Package: keyval 1999/03/16 v1.13 key=value parser (DPC)
\KV@toks@=\toks14
)
(/usr/share/texmf-texlive/tex/latex/graphics/graphics.sty
Package: graphics 2006/02/20 v1.0o Standard LaTeX Graphics (DPC,SPQR)

(/usr/share/texmf-texlive/tex/latex/graphics/trig.sty
Package: trig 1999/03/16 v1.09 sin cos tan (DPC)
)
(/etc/texmf/tex/latex/config/graphics.cfg
File: graphics.cfg 2007/01/18 v1.5 graphics configuration of teTeX/TeXLive
)
Package graphics Info: Driver file: pdftex.def on input line 90.

(/usr/share/texmf-texlive/tex/latex/pdftex-def/pdftex.def
File: pdftex.def 2007/01/08 v0.04d Graphics/color for pdfTeX
\Gread@gobject=\count91
))
\Gin@req@height=\dimen105
\Gin@req@width=\dimen106
)
(/usr/share/texmf-texlive/tex/latex/base/inputenc.sty
Package: inputenc 2006/05/05 v1.1b Input encoding file
\inpenc@prehook=\toks15
\inpenc@posthook=\toks16

(/usr/share/texmf-texlive/tex/latex/ucs/utf8x.def
File: utf8x.def 2004/10/17 UCS: Input encoding UTF-8
))
(/usr/share/texmf-texlive/tex/latex/ucs/ucs.sty
Package: ucs 2004/10/17 UCS: Unicode input support

(/usr/share/texmf-texlive/tex/latex/ucs/data/uni-global.def
File: uni-global.def 2004/10/17 UCS: Unicode global data
)
\uc@secondtry=\count92
\uc@combtoks=\toks17
\uc@combtoksb=\toks18
\uc@temptokena=\toks19
)
(/usr/share/texmf-texlive/tex/latex/amsmath/amsmath.sty
Package: amsmath 2000/07/18 v2.13 AMS math features
\@mathmargin=\skip43

For additional information on amsmath, use the `?' option.
(/usr/share/texmf-texlive/tex/latex/amsmath/amstext.sty
Package: amstext 2000/06/29 v2.01

(/usr/share/texmf-texlive/tex/latex/amsmath/amsgen.sty
File: amsgen.sty 1999/11/30 v2.0
\@emptytoks=\toks20
\ex@=\dimen107
))
(/usr/share/texmf-texlive/tex/latex/amsmath/amsbsy.sty
Package: amsbsy 1999/11/29 v1.2d
\pmbraise@=\dimen108
)
(/usr/share/texmf-texlive/tex/latex/amsmath/amsopn.sty
Package: amsopn 1999/12/14 v2.01 operator names
)
\inf@bad=\count93
LaTeX Info: Redefining \frac on input line 211.
\uproot@=\count94
\leftroot@=\count95
LaTeX Info: Redefining \overline on input line 307.
\classnum@=\count96
\DOTSCASE@=\count97
LaTeX Info: Redefining \ldots on input line 379.
LaTeX Info: Redefining \dots on input line 382.
LaTeX Info: Redefining \cdots on input line 467.
\Mathstrutbox@=\box26
\strutbox@=\box27
\big@size=\dimen109
LaTeX Font Info:    Redeclaring font encoding OML on input line 567.
LaTeX Font Info:    Redeclaring font encoding OMS on input line 568.
\macc@depth=\count98
\c@MaxMatrixCols=\count99
\dotsspace@=\muskip10
\c@parentequation=\count100
\dspbrk@lvl=\count101
\tag@help=\toks21
\row@=\count102
\column@=\count103
\maxfields@=\count104
\andhelp@=\toks22
\eqnshift@=\dimen110
\alignsep@=\dimen111
\tagshift@=\dimen112
\tagwidth@=\dimen113
\totwidth@=\dimen114
\lineht@=\dimen115
\@envbody=\toks23
\multlinegap=\skip44
\multlinetaggap=\skip45
\mathdisplay@stack=\toks24
LaTeX Info: Redefining \[ on input line 2666.
LaTeX Info: Redefining \] on input line 2667.
)
(/usr/share/texmf-texlive/tex/latex/amsfonts/amsfonts.sty
Package: amsfonts 2001/10/25 v2.2f
\symAMSa=\mathgroup4
\symAMSb=\mathgroup5
LaTeX Font Info:    Overwriting math alphabet `\mathfrak' in version `bold'
(Font)                  U/euf/m/n --> U/euf/b/n on input line 132.
)
(/usr/share/texmf-texlive/tex/latex/amsfonts/amssymb.sty
Package: amssymb 2002/01/22 v2.2d
) (./cours.aux)
\openout1 = `cours.aux'.

LaTeX Font Info:    Checking defaults for OML/cmm/m/it on input line 15.
LaTeX Font Info:    ... okay on input line 15.
LaTeX Font Info:    Checking defaults for T1/lmr/m/n on input line 15.
LaTeX Font Info:    Try loading font information for T1+lmr on input line 15.

(/usr/share/texmf/tex/latex/lm/t1lmr.fd
File: t1lmr.fd 2007/01/14 v1.3 Font defs for Latin Modern
)
LaTeX Font Info:    ... okay on input line 15.
LaTeX Font Info:    Checking defaults for OT1/cmr/m/n on input line 15.
LaTeX Font Info:    ... okay on input line 15.
LaTeX Font Info:    Checking defaults for OMS/cmsy/m/n on input line 15.
LaTeX Font Info:    ... okay on input line 15.
LaTeX Font Info:    Checking defaults for OMX/cmex/m/n on input line 15.
LaTeX Font Info:    ... okay on input line 15.
LaTeX Font Info:    Checking defaults for U/cmr/m/n on input line 15.
LaTeX Font Info:    ... okay on input line 15.
LaTeX Info: Redefining \dots on input line 15.

(/usr/share/texmf-texlive/tex/context/base/supp-pdf.tex
[Loading MPS to PDF converter (version 2006.09.02).]
\scratchcounter=\count105
\scratchdimen=\dimen116
\scratchbox=\box28
\nofMPsegments=\count106
\nofMParguments=\count107
\everyMPshowfont=\toks25
\MPscratchCnt=\count108
\MPscratchDim=\dimen117
\MPnumerator=\count109
\everyMPtoPDFconversion=\toks26
) (/usr/share/texmf-texlive/tex/latex/ucs/ucsencs.def
File: ucsencs.def 2003/11/29 Fixes to fontencodings LGR, T3
)
(/usr/share/texmf-texlive/tex/latex/ucs/data/uni-0.def
File: uni-0.def 2004/10/17 UCS: Unicode data U+0000..U+00FF
)
LaTeX Font Info:    Try loading font information for U+msa on input line 17.

(/usr/share/texmf-texlive/tex/latex/amsfonts/umsa.fd
File: umsa.fd 2002/01/19 v2.2g AMS font definitions
)
LaTeX Font Info:    Try loading font information for U+msb on input line 17.

(/usr/share/texmf-texlive/tex/latex/amsfonts/umsb.fd
File: umsb.fd 2002/01/19 v2.2g AMS font definitions
) [1

{/var/lib/texmf/fonts/map/pdftex/updmap/pdftex.map}] (./cours.toc
Underfull \hbox (badness 10000) in paragraph at lines 55--55
 []  
 []

)
\tf@toc=\write3
\openout3 = `cours.toc'.

 [1

]
Chapitre 1.

Overfull \hbox (11.89789pt too wide) in paragraph at lines 44--44
[]\OT1/cmr/bx/n/17.28 Probabilit^^Ses condi-tion-nelles, ind^^Sependance 
 []

[2

]
Underfull \hbox (badness 10000) in paragraph at lines 50--51

 []

[3] [4]
Chapitre 2.

Underfull \hbox (badness 10000) in paragraph at lines 82--83

 []


Underfull \hbox (badness 10000) in paragraph at lines 86--89

 []

[5

] [6] [7]
Chapitre 3.
LaTeX Font Info:    Try loading font information for U+euf on input line 120.
(/usr/share/texmf-texlive/tex/latex/amsfonts/ueuf.fd
File: ueuf.fd 2002/01/19 v2.2g AMS font definitions
) [8

] (./huffman.pdf_t
<huffman.pdf, id=43, 809.0225pt x 506.89375pt>
File: huffman.pdf Graphic file (type pdf)
 <use huffman.pdf>)
Overfull \hbox (14.46619pt too wide) in paragraph at lines 155--156
 [][] 
 []


LaTeX Warning: `h' float specifier changed to `ht'.

(./lemme_huf.pdf_t <lemme_huf.pdf, id=44, 181.67876pt x 115.43124pt>
File: lemme_huf.pdf Graphic file (type pdf)

<use lemme_huf.pdf>) [9 <./lemme_huf.pdf>] [10 <./huffman.pdf>]
Chapitre 4.
(./canal.pdf_t <canal.pdf, id=66, 309.155pt x 47.17625pt>
File: canal.pdf Graphic file (type pdf)
 <use canal.pdf>)
(./bin_sym.pdf_t <bin_sym.pdf, id=67, 91.34125pt x 84.315pt>
File: bin_sym.pdf Graphic file (type pdf)
 <use bin_sym.pdf>) (./canal_discret.pdf_t <canal_discret.pdf, id=68, 343.2825p
t x 59.22125pt>
File: canal_discret.pdf Graphic file (type pdf)

<use canal_discret.pdf>) [11

 <./canal.pdf> <./bin_sym.pdf> <./canal_discret.pdf>]
Underfull \hbox (badness 10000) in paragraph at lines 205--205

 []

(./canal_eff.pdf_t <canal_eff.pdf, id=91, 99.37125pt x 108.405pt>
File: canal_eff.pdf Graphic file (type pdf)

<use canal_eff.pdf>)

LaTeX Warning: `h' float specifier changed to `ht'.

[12] (./canal_Z.pdf_t <canal_Z.pdf, id=96, 96.36pt x 82.3075pt>
File: canal_Z.pdf Graphic file (type pdf)

<use canal_Z.pdf>) (./clavier.pdf_t
<clavier.pdf, id=97, 130.4875pt x 192.72pt>
File: clavier.pdf Graphic file (type pdf)
 <use clavier.pdf>) [13 <./canal_eff.pdf> <./canal_Z.pdf> <./clavier.pdf>]
Chapitre 5.

Underfull \hbox (badness 10000) in paragraph at lines 235--235

 []


Overfull \hbox (4.387pt too wide) in paragraph at lines 237--238
[] \OT1/cmr/m/n/12 Si $#$ ef-fa-ce-ments $\OML/cmm/m/it/12 < d\OT1/cmr/m/n/12 (
\OML/cmm/m/it/12 C\OT1/cmr/m/n/12 )$ alors on peut re-trou-ver le mot ^^Semis $
\OML/cmm/m/it/12 c \OT1/cmr/m/n/12 = (\OML/cmm/m/it/12 c[]; [] ; c[]\OT1/cmr/m/
n/12 )$.
 []


Overfull \hbox (12.00504pt too wide) in paragraph at lines 239--240
[] \OT1/cmr/m/n/12 Si $#$erreurs$\OML/cmm/m/it/12 < []$\OT1/cmr/m/n/12 , alors 
le mot le plus proche est le mot ^^Semis. Plus g^^Sen^^Seralement,
 []

[14

]
Underfull \hbox (badness 10000) in paragraph at lines 253--256

 []

[15] [16] [17] [18] (./canal_eff.pdf_t
File: canal_eff.pdf Graphic file (type pdf)
 <use canal_eff.pdf>) [19]
Underfull \hbox (badness 10000) in paragraph at lines 370--374

 []


Underfull \hbox (badness 10000) in paragraph at lines 385--386

 []

[20] [21]
Underfull \hbox (badness 10000) in paragraph at lines 457--460

 []

[22] [23] [24] (./cours.aux) ) 
Here is how much of TeX's memory you used:
 3207 strings out of 95063
 39742 string characters out of 1182610
 99469 words of memory out of 1500000
 6328 multiletter control sequences out of 10000+50000
 13720 words of font info for 53 fonts, out of 1200000 for 2000
 28 hyphenation exceptions out of 8191
 27i,12n,24p,325b,590s stack positions out of 5000i,500n,6000p,200000b,5000s
</usr/share/texmf-texlive/fonts/type1/bluesky/cm/
cmbx12.pfb></usr/share/texmf-texlive/fonts/type1/bluesky/cm/cmcsc10.pfb></usr/s
hare/texmf-texlive/fonts/type1/bluesky/cm/cmex10.pfb></usr/share/texmf-texlive/
fonts/type1/bluesky/cm/cmmi12.pfb></usr/share/texmf-texlive/fonts/type1/bluesky
/cm/cmmi6.pfb></usr/share/texmf-texlive/fonts/type1/bluesky/cm/cmmi8.pfb></usr/
share/texmf-texlive/fonts/type1/bluesky/cm/cmr12.pfb></usr/share/texmf-texlive/
fonts/type1/bluesky/cm/cmr17.pfb></usr/share/texmf-texlive/fonts/type1/bluesky/
cm/cmr6.pfb></usr/share/texmf-texlive/fonts/type1/bluesky/cm/cmr8.pfb></usr/sha
re/texmf-texlive/fonts/type1/bluesky/cm/cmsy10.pfb></usr/share/texmf-texlive/fo
nts/type1/bluesky/cm/cmsy6.pfb></usr/share/texmf-texlive/fonts/type1/bluesky/cm
/cmsy8.pfb></usr/share/texmf-texlive/fonts/type1/bluesky/ams/eufm10.pfb></usr/s
hare/texmf-texlive/fonts/type1/bluesky/ams/eufm7.pfb></usr/share/texmf-texlive/
fonts/type1/bluesky/ams/msam10.pfb></usr/share/texmf-texlive/fonts/type1/bluesk
y/ams/msam7.pfb></usr/share/texmf-texlive/fonts/type1/bluesky/ams/msbm10.pfb>
Output written on cours.pdf (25 pages, 183813 bytes).
PDF statistics:
 215 PDF objects out of 1000 (max. 8388607)
 0 named destinations out of 1000 (max. 131072)
 41 words of extra memory for PDF output out of 10000 (max. 10000000)

